[ 2016-03-07T21:40:04+08:00 ] 127.0.0.1 /yyxt/
INFO: [ app_init ] --START--
INFO: Run Behavior\BuildLiteBehavior [ RunTime:0.000032s ]
INFO: [ app_init ] --END-- [ RunTime:0.001097s ]
INFO: [ app_begin ] --START--
INFO: Run Behavior\ReadHtmlCacheBehavior [ RunTime:0.000754s ]
INFO: [ app_begin ] --END-- [ RunTime:0.000890s ]
SQL: SHOW COLUMNS FROM `xm_menu` [ RunTime:0.0054s ]
SQL: SELECT `id`,`title`,`pid`,`url`,`icon` FROM `xm_menu` WHERE `hide` = 0 ORDER BY `pid` asc,`sort` asc,`id` asc  [ RunTime:0.0019s ]
NOTIC: [8] Use of undefined constant IS_ROOT - assumed 'IS_ROOT' /Users/xm/htdocs/yyxt/Application/Home/Controller/CommonController.class.php 第 43 行.
NOTIC: [8] Use of undefined constant IS_ROOT - assumed 'IS_ROOT' /Users/xm/htdocs/yyxt/Application/Home/Controller/CommonController.class.php 第 43 行.
NOTIC: [8] Use of undefined constant IS_ROOT - assumed 'IS_ROOT' /Users/xm/htdocs/yyxt/Application/Home/Controller/CommonController.class.php 第 43 行.
NOTIC: [8] Use of undefined constant IS_ROOT - assumed 'IS_ROOT' /Users/xm/htdocs/yyxt/Application/Home/Controller/CommonController.class.php 第 43 行.
NOTIC: [8] Use of undefined constant IS_ROOT - assumed 'IS_ROOT' /Users/xm/htdocs/yyxt/Application/Home/Controller/CommonController.class.php 第 43 行.
NOTIC: [8] Use of undefined constant IS_ROOT - assumed 'IS_ROOT' /Users/xm/htdocs/yyxt/Application/Home/Controller/CommonController.class.php 第 43 行.
NOTIC: [8] Use of undefined constant IS_ROOT - assumed 'IS_ROOT' /Users/xm/htdocs/yyxt/Application/Home/Controller/CommonController.class.php 第 43 行.
NOTIC: [8] Use of undefined constant IS_ROOT - assumed 'IS_ROOT' /Users/xm/htdocs/yyxt/Application/Home/Controller/CommonController.class.php 第 43 行.
NOTIC: [8] Use of undefined constant IS_ROOT - assumed 'IS_ROOT' /Users/xm/htdocs/yyxt/Application/Home/Controller/CommonController.class.php 第 43 行.
NOTIC: [8] Use of undefined constant IS_ROOT - assumed 'IS_ROOT' /Users/xm/htdocs/yyxt/Application/Home/Controller/CommonController.class.php 第 43 行.
NOTIC: [8] Use of undefined constant IS_ROOT - assumed 'IS_ROOT' /Users/xm/htdocs/yyxt/Application/Home/Controller/CommonController.class.php 第 43 行.
NOTIC: [8] Use of undefined constant IS_ROOT - assumed 'IS_ROOT' /Users/xm/htdocs/yyxt/Application/Home/Controller/CommonController.class.php 第 43 行.
NOTIC: [8] Use of undefined constant IS_ROOT - assumed 'IS_ROOT' /Users/xm/htdocs/yyxt/Application/Home/Controller/CommonController.class.php 第 43 行.
NOTIC: [8] Use of undefined constant IS_ROOT - assumed 'IS_ROOT' /Users/xm/htdocs/yyxt/Application/Home/Controller/CommonController.class.php 第 43 行.
NOTIC: [8] Use of undefined constant IS_ROOT - assumed 'IS_ROOT' /Users/xm/htdocs/yyxt/Application/Home/Controller/CommonController.class.php 第 43 行.
NOTIC: [8] Use of undefined constant IS_ROOT - assumed 'IS_ROOT' /Users/xm/htdocs/yyxt/Application/Home/Controller/CommonController.class.php 第 43 行.
NOTIC: [8] Use of undefined constant IS_ROOT - assumed 'IS_ROOT' /Users/xm/htdocs/yyxt/Application/Home/Controller/CommonController.class.php 第 43 行.
NOTIC: [8] Use of undefined constant IS_ROOT - assumed 'IS_ROOT' /Users/xm/htdocs/yyxt/Application/Home/Controller/CommonController.class.php 第 43 行.
NOTIC: [8] Use of undefined constant IS_ROOT - assumed 'IS_ROOT' /Users/xm/htdocs/yyxt/Application/Home/Controller/CommonController.class.php 第 43 行.
NOTIC: [8] Use of undefined constant IS_ROOT - assumed 'IS_ROOT' /Users/xm/htdocs/yyxt/Application/Home/Controller/CommonController.class.php 第 43 行.
NOTIC: [8] Use of undefined constant IS_ROOT - assumed 'IS_ROOT' /Users/xm/htdocs/yyxt/Application/Home/Controller/CommonController.class.php 第 43 行.
NOTIC: [8] Use of undefined constant IS_ROOT - assumed 'IS_ROOT' /Users/xm/htdocs/yyxt/Application/Home/Controller/CommonController.class.php 第 43 行.
INFO: [ view_parse ] --START--
INFO: [ template_filter ] --START--
INFO: Run Behavior\ContentReplaceBehavior [ RunTime:0.000130s ]
INFO: [ template_filter ] --END-- [ RunTime:0.000346s ]
INFO: Run Behavior\ParseTemplateBehavior [ RunTime:0.013728s ]
INFO: [ view_parse ] --END-- [ RunTime:0.013864s ]
INFO: [ view_filter ] --START--
INFO: Run Behavior\WriteHtmlCacheBehavior [ RunTime:0.000411s ]
INFO: [ view_filter ] --END-- [ RunTime:0.000537s ]
INFO: [ app_end ] --START--
INFO: Run Behavior\ShowPageTraceBehavior [ RunTime:0.001003s ]
INFO: [ app_end ] --END-- [ RunTime:0.001194s ]

[ 2016-03-07T21:40:26+08:00 ] 127.0.0.1 /yyxt/index.php/Config/group
INFO: [ app_init ] --START--
INFO: Run Behavior\BuildLiteBehavior [ RunTime:0.000045s ]
INFO: [ app_init ] --END-- [ RunTime:0.000544s ]
INFO: [ app_begin ] --START--
INFO: Run Behavior\ReadHtmlCacheBehavior [ RunTime:0.000484s ]
INFO: [ app_begin ] --END-- [ RunTime:0.000589s ]
SQL: SHOW COLUMNS FROM `xm_menu` [ RunTime:0.0010s ]
SQL: SELECT `id`,`title`,`pid`,`url`,`icon` FROM `xm_menu` WHERE `hide` = 0 ORDER BY `pid` asc,`sort` asc,`id` asc  [ RunTime:0.0004s ]
NOTIC: [8] Use of undefined constant IS_ROOT - assumed 'IS_ROOT' /Users/xm/htdocs/yyxt/Application/Home/Controller/CommonController.class.php 第 43 行.
NOTIC: [8] Use of undefined constant IS_ROOT - assumed 'IS_ROOT' /Users/xm/htdocs/yyxt/Application/Home/Controller/CommonController.class.php 第 43 行.
NOTIC: [8] Use of undefined constant IS_ROOT - assumed 'IS_ROOT' /Users/xm/htdocs/yyxt/Application/Home/Controller/CommonController.class.php 第 43 行.
NOTIC: [8] Use of undefined constant IS_ROOT - assumed 'IS_ROOT' /Users/xm/htdocs/yyxt/Application/Home/Controller/CommonController.class.php 第 43 行.
NOTIC: [8] Use of undefined constant IS_ROOT - assumed 'IS_ROOT' /Users/xm/htdocs/yyxt/Application/Home/Controller/CommonController.class.php 第 43 行.
NOTIC: [8] Use of undefined constant IS_ROOT - assumed 'IS_ROOT' /Users/xm/htdocs/yyxt/Application/Home/Controller/CommonController.class.php 第 43 行.
NOTIC: [8] Use of undefined constant IS_ROOT - assumed 'IS_ROOT' /Users/xm/htdocs/yyxt/Application/Home/Controller/CommonController.class.php 第 43 行.
NOTIC: [8] Use of undefined constant IS_ROOT - assumed 'IS_ROOT' /Users/xm/htdocs/yyxt/Application/Home/Controller/CommonController.class.php 第 43 行.
NOTIC: [8] Use of undefined constant IS_ROOT - assumed 'IS_ROOT' /Users/xm/htdocs/yyxt/Application/Home/Controller/CommonController.class.php 第 43 行.
NOTIC: [8] Use of undefined constant IS_ROOT - assumed 'IS_ROOT' /Users/xm/htdocs/yyxt/Application/Home/Controller/CommonController.class.php 第 43 行.
NOTIC: [8] Use of undefined constant IS_ROOT - assumed 'IS_ROOT' /Users/xm/htdocs/yyxt/Application/Home/Controller/CommonController.class.php 第 43 行.
NOTIC: [8] Use of undefined constant IS_ROOT - assumed 'IS_ROOT' /Users/xm/htdocs/yyxt/Application/Home/Controller/CommonController.class.php 第 43 行.
NOTIC: [8] Use of undefined constant IS_ROOT - assumed 'IS_ROOT' /Users/xm/htdocs/yyxt/Application/Home/Controller/CommonController.class.php 第 43 行.
NOTIC: [8] Use of undefined constant IS_ROOT - assumed 'IS_ROOT' /Users/xm/htdocs/yyxt/Application/Home/Controller/CommonController.class.php 第 43 行.
NOTIC: [8] Use of undefined constant IS_ROOT - assumed 'IS_ROOT' /Users/xm/htdocs/yyxt/Application/Home/Controller/CommonController.class.php 第 43 行.
NOTIC: [8] Use of undefined constant IS_ROOT - assumed 'IS_ROOT' /Users/xm/htdocs/yyxt/Application/Home/Controller/CommonController.class.php 第 43 行.
NOTIC: [8] Use of undefined constant IS_ROOT - assumed 'IS_ROOT' /Users/xm/htdocs/yyxt/Application/Home/Controller/CommonController.class.php 第 43 行.
NOTIC: [8] Use of undefined constant IS_ROOT - assumed 'IS_ROOT' /Users/xm/htdocs/yyxt/Application/Home/Controller/CommonController.class.php 第 43 行.
NOTIC: [8] Use of undefined constant IS_ROOT - assumed 'IS_ROOT' /Users/xm/htdocs/yyxt/Application/Home/Controller/CommonController.class.php 第 43 行.
NOTIC: [8] Use of undefined constant IS_ROOT - assumed 'IS_ROOT' /Users/xm/htdocs/yyxt/Application/Home/Controller/CommonController.class.php 第 43 行.
NOTIC: [8] Use of undefined constant IS_ROOT - assumed 'IS_ROOT' /Users/xm/htdocs/yyxt/Application/Home/Controller/CommonController.class.php 第 43 行.
NOTIC: [8] Use of undefined constant IS_ROOT - assumed 'IS_ROOT' /Users/xm/htdocs/yyxt/Application/Home/Controller/CommonController.class.php 第 43 行.
SQL: SHOW COLUMNS FROM `xm_config` [ RunTime:0.0021s ]
SQL: SELECT `id`,`group`,`name`,`title`,`extra`,`value`,`remark`,`type` FROM `xm_config` WHERE ( status=1 ) ORDER BY `sort` asc,`id` asc  [ RunTime:0.0006s ]
INFO: [ view_parse ] --START--
INFO: [ template_filter ] --START--
INFO: Run Behavior\ContentReplaceBehavior [ RunTime:0.000145s ]
INFO: [ template_filter ] --END-- [ RunTime:0.000268s ]
NOTIC: [8] Undefined index: class /Users/xm/htdocs/yyxt/Application/Runtime/Cache/Home/834e3d8ab73c419bbbd2dcbeedc3f52d.php 第 249 行.
NOTIC: [8] Undefined index: class /Users/xm/htdocs/yyxt/Application/Runtime/Cache/Home/834e3d8ab73c419bbbd2dcbeedc3f52d.php 第 249 行.
NOTIC: [8] Undefined index: class /Users/xm/htdocs/yyxt/Application/Runtime/Cache/Home/834e3d8ab73c419bbbd2dcbeedc3f52d.php 第 254 行.
NOTIC: [8] Undefined index: class /Users/xm/htdocs/yyxt/Application/Runtime/Cache/Home/834e3d8ab73c419bbbd2dcbeedc3f52d.php 第 254 行.
NOTIC: [8] Undefined index: class /Users/xm/htdocs/yyxt/Application/Runtime/Cache/Home/834e3d8ab73c419bbbd2dcbeedc3f52d.php 第 254 行.
NOTIC: [8] Undefined index: class /Users/xm/htdocs/yyxt/Application/Runtime/Cache/Home/834e3d8ab73c419bbbd2dcbeedc3f52d.php 第 254 行.
NOTIC: [8] Undefined index: class /Users/xm/htdocs/yyxt/Application/Runtime/Cache/Home/834e3d8ab73c419bbbd2dcbeedc3f52d.php 第 249 行.
NOTIC: [8] Undefined index: class /Users/xm/htdocs/yyxt/Application/Runtime/Cache/Home/834e3d8ab73c419bbbd2dcbeedc3f52d.php 第 254 行.
NOTIC: [8] Undefined index: class /Users/xm/htdocs/yyxt/Application/Runtime/Cache/Home/834e3d8ab73c419bbbd2dcbeedc3f52d.php 第 254 行.
NOTIC: [8] Undefined index: class /Users/xm/htdocs/yyxt/Application/Runtime/Cache/Home/834e3d8ab73c419bbbd2dcbeedc3f52d.php 第 249 行.
NOTIC: [8] Undefined index: class /Users/xm/htdocs/yyxt/Application/Runtime/Cache/Home/834e3d8ab73c419bbbd2dcbeedc3f52d.php 第 249 行.
NOTIC: [8] Undefined index: class /Users/xm/htdocs/yyxt/Application/Runtime/Cache/Home/834e3d8ab73c419bbbd2dcbeedc3f52d.php 第 249 行.
NOTIC: [8] Undefined index: class /Users/xm/htdocs/yyxt/Application/Runtime/Cache/Home/834e3d8ab73c419bbbd2dcbeedc3f52d.php 第 254 行.
NOTIC: [8] Undefined index: class /Users/xm/htdocs/yyxt/Application/Runtime/Cache/Home/834e3d8ab73c419bbbd2dcbeedc3f52d.php 第 254 行.
NOTIC: [8] Undefined index: class /Users/xm/htdocs/yyxt/Application/Runtime/Cache/Home/834e3d8ab73c419bbbd2dcbeedc3f52d.php 第 254 行.
NOTIC: [8] Undefined index: class /Users/xm/htdocs/yyxt/Application/Runtime/Cache/Home/834e3d8ab73c419bbbd2dcbeedc3f52d.php 第 254 行.
NOTIC: [8] Undefined index: class /Users/xm/htdocs/yyxt/Application/Runtime/Cache/Home/834e3d8ab73c419bbbd2dcbeedc3f52d.php 第 249 行.
NOTIC: [8] Undefined index: class /Users/xm/htdocs/yyxt/Application/Runtime/Cache/Home/834e3d8ab73c419bbbd2dcbeedc3f52d.php 第 254 行.
NOTIC: [8] Undefined index: class /Users/xm/htdocs/yyxt/Application/Runtime/Cache/Home/834e3d8ab73c419bbbd2dcbeedc3f52d.php 第 254 行.
NOTIC: [2] Illegal string offset 'value' /Users/xm/htdocs/yyxt/Application/Runtime/Cache/Home/834e3d8ab73c419bbbd2dcbeedc3f52d.php 第 420 行.
NOTIC: [2] Illegal string offset 'value' /Users/xm/htdocs/yyxt/Application/Runtime/Cache/Home/834e3d8ab73c419bbbd2dcbeedc3f52d.php 第 420 行.
NOTIC: [2] Illegal string offset 'value' /Users/xm/htdocs/yyxt/Application/Runtime/Cache/Home/834e3d8ab73c419bbbd2dcbeedc3f52d.php 第 420 行.
NOTIC: [2] Illegal string offset 'value' /Users/xm/htdocs/yyxt/Application/Runtime/Cache/Home/834e3d8ab73c419bbbd2dcbeedc3f52d.php 第 420 行.
NOTIC: [2] Illegal string offset 'value' /Users/xm/htdocs/yyxt/Application/Runtime/Cache/Home/834e3d8ab73c419bbbd2dcbeedc3f52d.php 第 420 行.
NOTIC: [2] Illegal string offset 'value' /Users/xm/htdocs/yyxt/Application/Runtime/Cache/Home/834e3d8ab73c419bbbd2dcbeedc3f52d.php 第 420 行.
NOTIC: [2] Illegal string offset 'value' /Users/xm/htdocs/yyxt/Application/Runtime/Cache/Home/834e3d8ab73c419bbbd2dcbeedc3f52d.php 第 420 行.
NOTIC: [2] Illegal string offset 'value' /Users/xm/htdocs/yyxt/Application/Runtime/Cache/Home/834e3d8ab73c419bbbd2dcbeedc3f52d.php 第 420 行.
NOTIC: [2] Illegal string offset 'value' /Users/xm/htdocs/yyxt/Application/Runtime/Cache/Home/834e3d8ab73c419bbbd2dcbeedc3f52d.php 第 420 行.
NOTIC: [2] Illegal string offset 'value' /Users/xm/htdocs/yyxt/Application/Runtime/Cache/Home/834e3d8ab73c419bbbd2dcbeedc3f52d.php 第 420 行.
NOTIC: [2] Illegal string offset 'value' /Users/xm/htdocs/yyxt/Application/Runtime/Cache/Home/834e3d8ab73c419bbbd2dcbeedc3f52d.php 第 420 行.
INFO: Run Behavior\ParseTemplateBehavior [ RunTime:0.039383s ]
INFO: [ view_parse ] --END-- [ RunTime:0.039496s ]
INFO: [ view_filter ] --START--
INFO: Run Behavior\WriteHtmlCacheBehavior [ RunTime:0.000212s ]
INFO: [ view_filter ] --END-- [ RunTime:0.000310s ]
INFO: [ app_end ] --START--
INFO: Run Behavior\ShowPageTraceBehavior [ RunTime:0.000680s ]
INFO: [ app_end ] --END-- [ RunTime:0.000862s ]

[ 2016-03-07T21:40:50+08:00 ] 127.0.0.1 /yyxt/index.php/hospital/index
INFO: [ app_init ] --START--
INFO: Run Behavior\BuildLiteBehavior [ RunTime:0.000064s ]
INFO: [ app_init ] --END-- [ RunTime:0.000590s ]
INFO: [ app_begin ] --START--
INFO: Run Behavior\ReadHtmlCacheBehavior [ RunTime:0.000637s ]
INFO: [ app_begin ] --END-- [ RunTime:0.000774s ]
ERR: 无法加载控制器:Hospital

